Determining if the pthread_create exist failed with the following output:
Change Dir: /home/yrkim/PX4-Swon/Tools/UDPtoTCPtunnel/CMakeFiles/CMakeTmp

Run Build Command:"/usr/bin/make" "cmTC_fb51b/fast"
/usr/bin/make -f CMakeFiles/cmTC_fb51b.dir/build.make CMakeFiles/cmTC_fb51b.dir/build
make[1]: Entering directory '/home/yrkim/PX4-Swon/Tools/UDPtoTCPtunnel/CMakeFiles/CMakeTmp'
Building C object CMakeFiles/cmTC_fb51b.dir/CheckSymbolExists.c.o
/usr/bin/cc    -o CMakeFiles/cmTC_fb51b.dir/CheckSymbolExists.c.o   -c /home/yrkim/PX4-Swon/Tools/UDPtoTCPtunnel/CMakeFiles/CMakeTmp/CheckSymbolExists.c
Linking C executable cmTC_fb51b
/usr/bin/cmake -E cmake_link_script CMakeFiles/cmTC_fb51b.dir/link.txt --verbose=1
/usr/bin/cc      CMakeFiles/cmTC_fb51b.dir/CheckSymbolExists.c.o  -o cmTC_fb51b 
CMakeFiles/cmTC_fb51b.dir/CheckSymbolExists.c.o: In function `main':
CheckSymbolExists.c:(.text+0x1b): undefined reference to `pthread_create'
collect2: error: ld returned 1 exit status
CMakeFiles/cmTC_fb51b.dir/build.make:97: recipe for target 'cmTC_fb51b' failed
make[1]: *** [cmTC_fb51b] Error 1
make[1]: Leaving directory '/home/yrkim/PX4-Swon/Tools/UDPtoTCPtunnel/CMakeFiles/CMakeTmp'
Makefile:126: recipe for target 'cmTC_fb51b/fast' failed
make: *** [cmTC_fb51b/fast] Error 2

File /home/yrkim/PX4-Swon/Tools/UDPtoTCPtunnel/CMakeFiles/CMakeTmp/CheckSymbolExists.c:
/* */
#include <pthread.h>

int main(int argc, char** argv)
{
  (void)argv;
#ifndef pthread_create
  return ((int*)(&pthread_create))[argc];
#else
  (void)argc;
  return 0;
#endif
}

Determining if the function pthread_create exists in the pthreads failed with the following output:
Change Dir: /home/yrkim/PX4-Swon/Tools/UDPtoTCPtunnel/CMakeFiles/CMakeTmp

Run Build Command:"/usr/bin/make" "cmTC_ac031/fast"
/usr/bin/make -f CMakeFiles/cmTC_ac031.dir/build.make CMakeFiles/cmTC_ac031.dir/build
make[1]: Entering directory '/home/yrkim/PX4-Swon/Tools/UDPtoTCPtunnel/CMakeFiles/CMakeTmp'
Building C object CMakeFiles/cmTC_ac031.dir/CheckFunctionExists.c.o
/usr/bin/cc   -DCHECK_FUNCTION_EXISTS=pthread_create   -o CMakeFiles/cmTC_ac031.dir/CheckFunctionExists.c.o   -c /usr/share/cmake-3.10/Modules/CheckFunctionExists.c
Linking C executable cmTC_ac031
/usr/bin/cmake -E cmake_link_script CMakeFiles/cmTC_ac031.dir/link.txt --verbose=1
/usr/bin/cc  -DCHECK_FUNCTION_EXISTS=pthread_create    CMakeFiles/cmTC_ac031.dir/CheckFunctionExists.c.o  -o cmTC_ac031 -lpthreads 
/usr/bin/ld: cannot find -lpthreads
collect2: error: ld returned 1 exit status
CMakeFiles/cmTC_ac031.dir/build.make:97: recipe for target 'cmTC_ac031' failed
make[1]: *** [cmTC_ac031] Error 1
make[1]: Leaving directory '/home/yrkim/PX4-Swon/Tools/UDPtoTCPtunnel/CMakeFiles/CMakeTmp'
Makefile:126: recipe for target 'cmTC_ac031/fast' failed
make: *** [cmTC_ac031/fast] Error 2


